<?xml version="1.0" encoding="UTF-8"?>
<testsuite xmlns:xsi="http://www.w3.org/2001/XMLSchema-instance" xsi:noNamespaceSchemaLocation="https://maven.apache.org/surefire/maven-surefire-plugin/xsd/surefire-test-report-3.0.xsd" version="3.0" name="TestSuite" time="16.71" tests="6" errors="0" skipped="0" failures="3">
  <properties>
[...]
</properties>
  <testcase name="testBuildingCheapComputer[CheapComputer{processorType=&apos;PROCESSOR_FAST&apos;, ram=&apos;RAM_8GB&apos;, hdd=&apos;HDD_400GB&apos;, os=&apos;null&apos;, software=&apos;null&apos;}](1)" classname="tests.order.BuildCheapComputerTest" time="8.986">
    <system-out><![CDATA[[Configuration] [WARN] Detected a static method [tests.BaseTest.instantiateDriverObject()]. Static configuration methods can cause  unexpected behavior.
[Configuration] [WARN] Detected a static method [tests.BaseTest.clearCookies()]. Static configuration methods can cause  unexpected behavior.
[Configuration] [WARN] Detected a static method [tests.BaseTest.instantiateDriverObject()]. Static configuration methods can cause  unexpected behavior.
[Configuration] [WARN] Detected a static method [tests.BaseTest.clearCookies()]. Static configuration methods can cause  unexpected behavior.
]]></system-out>
    <system-err><![CDATA[SLF4J: Failed to load class "org.slf4j.impl.StaticLoggerBinder".
SLF4J: Defaulting to no-operation (NOP) logger implementation
SLF4J: See http://www.slf4j.org/codes.html#StaticLoggerBinder for further details.
Starting ChrSomteaDrrtiivng Cehr 9r4o.m0e.D4r6i06v.e6r1  9(44.0.41608b67.861f5 (843818ebd70b8f1c568398bb4e5e1de0ab0215c21679b18b45e45911e5a-r0e2fs5/2b1r7a18n5c4h9-1h5e-raedfss//4b6r0a6n@c{h#-1h2e0a4d}s)/ 4on6 0p6o@r{t# 14220449}7)
 Oonnl y ploorcta l1 8c3o9n
nOecntliyo nlso caarle  caolnlnoewcetdi.o
nPsl eaarsee  saelel ohwtetdp.s
:P/l/ecahsreo mseeder ivhetrt.pcsh:r/o/mciuhmr.oormge/dserciuvrietry.-cconsihderroamtiiuomn.so frogr/ ssueggcesutriiotnys- coonns ikdeeeraptiinogn s Cfhorr osmugegDerstiivoensr  osn akfeeep.i
ng CChhrroommeeDDrriivveerr  wsaafes. 
stCahrtreodm esDurcicevsesrf uwlalsy .s
tarted successfully.
Oct 13, 2021 6:43:52 PM org.openqa.selenium.remote.ProtocolHandshake createSession
INFO: Detected dialect: W3C
Oct 13, 2021 6:43:52 PM org.openqa.selenium.remote.ProtocolHandshake createSession
INFO: Detected dialect: W3C
]]></system-err>
  </testcase>
  <testcase name="testBuildingCheapComputer[CheapComputer{processorType=&apos;PROCESSOR_FAST&apos;, ram=&apos;RAM_4GB&apos;, hdd=&apos;HDD_400GB&apos;, os=&apos;null&apos;, software=&apos;null&apos;}](2)" classname="tests.order.BuildCheapComputerTest" time="1.85"/>
  <testcase name="testBuildingCheapComputer[CheapComputer{processorType=&apos;PROCESSOR_FAST&apos;, ram=&apos;RAM_2GB&apos;, hdd=&apos;HDD_400GB&apos;, os=&apos;null&apos;, software=&apos;null&apos;}](3)" classname="tests.order.BuildCheapComputerTest" time="1.579"/>
  <testcase name="testBuildingStandardComputer[CheapComputer{processorType=&apos;INTEL_22_GHZ&apos;, ram=&apos;RAM_8GB&apos;, hdd=&apos;HDD_400GB&apos;, os=&apos;null&apos;, software=&apos;null&apos;}](1)" classname="tests.order.BuildStandardComputerTest" time="0.161">
    <failure message="[ERR] Total price is not correct! expected [960.0] but found [1410.0]" type="java.lang.AssertionError"><![CDATA[java.lang.AssertionError: [ERR] Total price is not correct! expected [960.0] but found [1410.0]
	at tests.order.BuildStandardComputerTest.testBuildingStandardComputer(BuildStandardComputerTest.java:29)
]]></failure>
  </testcase>
  <testcase name="testBuildingStandardComputer[CheapComputer{processorType=&apos;INTEL_25_GHZ&apos;, ram=&apos;RAM_4GB&apos;, hdd=&apos;HDD_400GB&apos;, os=&apos;null&apos;, software=&apos;null&apos;}](2)" classname="tests.order.BuildStandardComputerTest" time="0.112">
    <failure message="[ERR] Total price is not correct! expected [935.0] but found [1385.0]" type="java.lang.AssertionError"><![CDATA[java.lang.AssertionError: [ERR] Total price is not correct! expected [935.0] but found [1385.0]
	at tests.order.BuildStandardComputerTest.testBuildingStandardComputer(BuildStandardComputerTest.java:29)
]]></failure>
  </testcase>
  <testcase name="testBuildingStandardComputer[CheapComputer{processorType=&apos;INTEL_22_GHZ&apos;, ram=&apos;RAM_2GB&apos;, hdd=&apos;HDD_400GB&apos;, os=&apos;null&apos;, software=&apos;null&apos;}](3)" classname="tests.order.BuildStandardComputerTest" time="2.057">
    <failure message="[ERR] Total price is not correct! expected [900.0] but found [1350.0]" type="java.lang.AssertionError"><![CDATA[java.lang.AssertionError: [ERR] Total price is not correct! expected [900.0] but found [1350.0]
	at tests.order.BuildStandardComputerTest.testBuildingStandardComputer(BuildStandardComputerTest.java:29)
]]></failure>
  </testcase>
</testsuite>